<?xml version="1.0" encoding="UTF-8"?>
<testsuite xmlns:xsi="http://www.w3.org/2001/XMLSchema-instance" xsi:noNamespaceSchemaLocation="https://maven.apache.org/surefire/maven-surefire-plugin/xsd/surefire-test-report.xsd" version="3.0.1" name="com.demo.qa.trivago.pagesTests.MainPageTests" time="26.346" tests="2" errors="0" skipped="0" failures="0">
  <properties>
[...]
</properties>
  <testcase name="loginTest" classname="com.demo.qa.trivago.pagesTests.MainPageTests" time="6.138">
    <system-out><![CDATA[2025-08-23 20:21:07.054 [&amp#27;[34mINFO&amp#27;[0;39m] - &amp#27;[34mThe child class name is: MainPageTests&amp#27;[0;39m 
2025-08-23 20:21:07.056 [&amp#27;[34mINFO&amp#27;[0;39m] - &amp#27;[34mRunning setup for tests.&amp#27;[0;39m 
2025-08-23 20:21:07.056 [&amp#27;[34mINFO&amp#27;[0;39m] - &amp#27;[34mSetting up Logger...&amp#27;[0;39m 
2025-08-23 20:21:07.104 [&amp#27;[34mINFO&amp#27;[0;39m] - &amp#27;[34mSetting up firefox driver&amp#27;[0;39m 
Setting up Start Web page...
2025-08-23 20:21:10.885 [&amp#27;[34mINFO&amp#27;[0;39m] - &amp#27;[34mSetting up Start Web page...&amp#27;[0;39m 
buttons
[[org.openqa.selenium.remote.RemoteWebElement@72daac72 -> unknown locator], [org.openqa.selenium.remote.RemoteWebElement@f2eff5ed -> unknown locator], [org.openqa.selenium.remote.RemoteWebElement@e0b3c341 -> unknown locator]]
2025-08-23 20:21:13.335 [&amp#27;[34mINFO&amp#27;[0;39m] - &amp#27;[34mShadow button: [org.openqa.selenium.remote.RemoteWebElement@e0b3c341 -> unknown locator]&amp#27;[0;39m 
2025-08-23 20:21:13.423 [&amp#27;[34mINFO&amp#27;[0;39m] - &amp#27;[34mClicked 'shadow' button 'Allow all' (cookies accept)&amp#27;[0;39m 
2025-08-23 20:21:15.522 [&amp#27;[31mWARN&amp#27;[0;39m] - &amp#27;[31mException while clicking 'shadow OK cookies': Expected condition failed: waiting for com.demo.qa.trivago.pages.MainPage$$Lambda/0x000000012d29c8b0@74518890 (tried for 2 second(s) with 500 milliseconds interval)
Build info: version: '4.28.1', revision: '73f5ad48a2'
System info: os.name: 'Mac OS X', os.arch: 'x86_64', os.version: '15.6', java.version: '21.0.7'
Driver info: org.openqa.selenium.firefox.FirefoxDriver
Capabilities {acceptInsecureCerts: true, browserName: firefox, browserVersion: 142.0, moz:accessibilityChecks: false, moz:buildID: 20250811145442, moz:geckodriverVersion: 0.36.0, moz:headless: false, moz:platformVersion: 24.6.0, moz:processID: 22682, moz:profile: /var/folders/70/2vk2n2rj04v..., moz:shutdownTimeout: 60000, moz:webdriverClick: true, moz:windowless: false, pageLoadStrategy: normal, platformName: mac, proxy: Proxy(), setWindowRect: true, strictFileInteractability: false, timeouts: {implicit: 0, pageLoad: 300000, script: 30000}, unhandledPromptBehavior: dismiss and notify, userAgent: Mozilla/5.0 (Macintosh; Int...}
Session ID: fb4d3b1a-acbe-4c1b-838a-3e3efcd0a2cd&amp#27;[0;39m 
2025-08-23 20:21:15.795 [&amp#27;[34mINFO&amp#27;[0;39m] - &amp#27;[34mClick result: true of popup button with xpath (//button/span[contains(text(),'Close')]/preceding-sibling::span)[1]&amp#27;[0;39m 
2025-08-23 20:21:17.100 [&amp#27;[34mINFO&amp#27;[0;39m] - &amp#27;[34mClick result: true of popup button with xpath (//button/span[contains(text(),'Close')]/preceding-sibling::span)[1]&amp#27;[0;39m 
2025-08-23 20:21:17.112 [&amp#27;[34mINFO&amp#27;[0;39m] - &amp#27;[34m

STARTING test method: loginTest&amp#27;[0;39m 
2025-08-23 20:21:17.331 [&amp#27;[39mDEBUG&amp#27;[0;39m] - &amp#27;[39mClicked login: true&amp#27;[0;39m 
2025-08-23 20:21:18.545 [&amp#27;[39mDEBUG&amp#27;[0;39m] - &amp#27;[39mClicked login Popup: true&amp#27;[0;39m 
2025-08-23 20:21:18.551 [&amp#27;[39mDEBUG&amp#27;[0;39m] - &amp#27;[39mWaited for email page load for login: true&amp#27;[0;39m 
2025-08-23 20:21:18.552 [&amp#27;[39mDEBUG&amp#27;[0;39m] - &amp#27;[39mStarting login ...&amp#27;[0;39m 
2025-08-23 20:21:18.754 [&amp#27;[39mDEBUG&amp#27;[0;39m] - &amp#27;[39mClicked email box: true 
 with xpath //input[@name='email']&amp#27;[0;39m 
2025-08-23 20:21:19.031 [&amp#27;[39mDEBUG&amp#27;[0;39m] - &amp#27;[39mClicked continue box: true 
 with xpath //button[@type='submit' and contains(text(),'Continue')]&amp#27;[0;39m 
2025-08-23 20:21:19.552 [&amp#27;[39mDEBUG&amp#27;[0;39m] - &amp#27;[39mWaited password page: true&amp#27;[0;39m 
2025-08-23 20:21:19.754 [&amp#27;[39mDEBUG&amp#27;[0;39m] - &amp#27;[39mClicked password box: true 
 with xpath true&amp#27;[0;39m 
2025-08-23 20:21:20.030 [&amp#27;[39mDEBUG&amp#27;[0;39m] - &amp#27;[39mClicked password box: true 
 with xpath //button[@type='submit' and contains(text(),'Log in')]&amp#27;[0;39m 
2025-08-23 20:21:20.031 [&amp#27;[39mDEBUG&amp#27;[0;39m] - &amp#27;[39mEnded login. 
 Result: true &amp#27;[0;39m 
2025-08-23 20:21:22.843 [&amp#27;[39mDEBUG&amp#27;[0;39m] - &amp#27;[39mClicked Not now: true&amp#27;[0;39m 
2025-08-23 20:21:23.229 [&amp#27;[34mINFO&amp#27;[0;39m] - &amp#27;[34mClick result: true of popup button with xpath (//button/span[contains(text(),'Close')]/preceding-sibling::span)[1]&amp#27;[0;39m 
2025-08-23 20:21:23.229 [&amp#27;[39mDEBUG&amp#27;[0;39m] - &amp#27;[39mClicked popup: true&amp#27;[0;39m 
2025-08-23 20:21:23.238 [&amp#27;[39mDEBUG&amp#27;[0;39m] - &amp#27;[39mFound 5 number of elements (accomondation results) with xpath //ul//li//div[contains(@data-testid,'deal-item')]//div/img on main Page&amp#27;[0;39m 
2025-08-23 20:21:23.239 [&amp#27;[39mDEBUG&amp#27;[0;39m] - &amp#27;[39mWaited for main page load: true&amp#27;[0;39m 
2025-08-23 20:21:23.239 [&amp#27;[39mDEBUG&amp#27;[0;39m] - &amp#27;[39mDid login: true&amp#27;[0;39m 
2025-08-23 20:21:23.242 [&amp#27;[34mINFO&amp#27;[0;39m] - &amp#27;[34mEND test method: loginTest&amp#27;[0;39m 
2025-08-23 20:21:23.243 [&amp#27;[34mINFO&amp#27;[0;39m] - &amp#27;[34mStarting TEST teardown...&amp#27;[0;39m 
]]></system-out>
  </testcase>
  <testcase name="searchTest" classname="com.demo.qa.trivago.pagesTests.MainPageTests" time="9.301">
    <system-out><![CDATA[2025-08-23 20:21:23.247 [&amp#27;[34mINFO&amp#27;[0;39m] - &amp#27;[34m

STARTING test method: searchTest&amp#27;[0;39m 
2025-08-23 20:21:23.495 [&amp#27;[39mDEBUG&amp#27;[0;39m] - &amp#27;[39mClicked search box: true 
 with xpath //input[@role='searchbox']&amp#27;[0;39m 
2025-08-23 20:21:24.419 [&amp#27;[39mDEBUG&amp#27;[0;39m] - &amp#27;[39mClicked first sugg true&amp#27;[0;39m 
2025-08-23 20:21:25.478 [&amp#27;[39mDEBUG&amp#27;[0;39m] - &amp#27;[39mFound first day datetime '2025-08-01' from month 1 from popup and first day  datetime '2025-09-01' from month 2&amp#27;[0;39m 
2025-08-23 20:21:25.479 [&amp#27;[39mDEBUG&amp#27;[0;39m] - &amp#27;[39mFound date parts 2025/08/01 for month 1 and 2025/09/01 for month2&amp#27;[0;39m 
2025-08-23 20:21:25.484 [&amp#27;[39mDEBUG&amp#27;[0;39m] - &amp#27;[39mFound last days for months 31, 30 and first day for 2nd month 01&amp#27;[0;39m 
2025-08-23 20:21:25.723 [&amp#27;[39mDEBUG&amp#27;[0;39m] - &amp#27;[39mClicked Last Day 31 in month1 result: true&amp#27;[0;39m 
2025-08-23 20:21:25.971 [&amp#27;[39mDEBUG&amp#27;[0;39m] - &amp#27;[39mClicked First Day 01 in month2 result: true&amp#27;[0;39m 
2025-08-23 20:21:26.207 [&amp#27;[39mDEBUG&amp#27;[0;39m] - &amp#27;[39mClicked Guest Box Apply true&amp#27;[0;39m 
2025-08-23 20:21:26.440 [&amp#27;[39mDEBUG&amp#27;[0;39m] - &amp#27;[39mClicked Search true&amp#27;[0;39m 
2025-08-23 20:21:26.440 [&amp#27;[39mDEBUG&amp#27;[0;39m] - &amp#27;[39mDid search after login: true&amp#27;[0;39m 
2025-08-23 20:21:32.455 [&amp#27;[39mDEBUG&amp#27;[0;39m] - &amp#27;[39mFound 35 number of elements with xpath //div[@data-testid='result-list-ready']//ol//li//div//button/img on search Page&amp#27;[0;39m 
2025-08-23 20:21:32.541 [&amp#27;[39mDEBUG&amp#27;[0;39m] - &amp#27;[39mWaited after search: true&amp#27;[0;39m 
2025-08-23 20:21:32.544 [&amp#27;[34mINFO&amp#27;[0;39m] - &amp#27;[34mEND test method: searchTest&amp#27;[0;39m 
2025-08-23 20:21:32.545 [&amp#27;[34mINFO&amp#27;[0;39m] - &amp#27;[34mStarting TEST teardown...&amp#27;[0;39m 
]]></system-out>
  </testcase>
</testsuite>