<?xml version="1.0" encoding="UTF-8"?>
<testsuite xmlns:xsi="http://www.w3.org/2001/XMLSchema-instance" xsi:noNamespaceSchemaLocation="https://maven.apache.org/surefire/maven-surefire-plugin/xsd/surefire-test-report.xsd" version="3.0.1" name="com.demo.qa.trivago.pagesTests.SearchPageTests" time="45.621" tests="3" errors="0" skipped="0" failures="1">
  <properties>
[...]
</properties>
  <testcase name="priceMinTest" classname="com.demo.qa.trivago.pagesTests.SearchPageTests" time="10.923">
    <system-out><![CDATA[2025-08-23 20:21:33.196 [&amp#27;[34mINFO&amp#27;[0;39m] - &amp#27;[34mThe child class name is: SearchPageTests&amp#27;[0;39m 
2025-08-23 20:21:33.196 [&amp#27;[34mINFO&amp#27;[0;39m] - &amp#27;[34mRunning setup for tests.&amp#27;[0;39m 
2025-08-23 20:21:33.196 [&amp#27;[34mINFO&amp#27;[0;39m] - &amp#27;[34mSetting up Logger...&amp#27;[0;39m 
2025-08-23 20:21:33.197 [&amp#27;[34mINFO&amp#27;[0;39m] - &amp#27;[34mSetting up firefox driver&amp#27;[0;39m 
Setting up Start Web page...
2025-08-23 20:21:35.749 [&amp#27;[34mINFO&amp#27;[0;39m] - &amp#27;[34mSetting up Start Web page...&amp#27;[0;39m 
buttons
[[org.openqa.selenium.remote.RemoteWebElement@96a1a204 -> unknown locator], [org.openqa.selenium.remote.RemoteWebElement@87565cee -> unknown locator], [org.openqa.selenium.remote.RemoteWebElement@5a10e317 -> unknown locator]]
2025-08-23 20:21:38.194 [&amp#27;[34mINFO&amp#27;[0;39m] - &amp#27;[34mShadow button: [org.openqa.selenium.remote.RemoteWebElement@5a10e317 -> unknown locator]&amp#27;[0;39m 
2025-08-23 20:21:38.277 [&amp#27;[34mINFO&amp#27;[0;39m] - &amp#27;[34mClicked 'shadow' button 'Allow all' (cookies accept)&amp#27;[0;39m 
2025-08-23 20:21:40.335 [&amp#27;[31mWARN&amp#27;[0;39m] - &amp#27;[31mException while clicking 'shadow OK cookies': Expected condition failed: waiting for com.demo.qa.trivago.pages.MainPage$$Lambda/0x000000012d29c8b0@58860997 (tried for 2 second(s) with 500 milliseconds interval)
Build info: version: '4.28.1', revision: '73f5ad48a2'
System info: os.name: 'Mac OS X', os.arch: 'x86_64', os.version: '15.6', java.version: '21.0.7'
Driver info: org.openqa.selenium.firefox.FirefoxDriver
Capabilities {acceptInsecureCerts: true, browserName: firefox, browserVersion: 142.0, moz:accessibilityChecks: false, moz:buildID: 20250811145442, moz:geckodriverVersion: 0.36.0, moz:headless: false, moz:platformVersion: 24.6.0, moz:processID: 22714, moz:profile: /var/folders/70/2vk2n2rj04v..., moz:shutdownTimeout: 60000, moz:webdriverClick: true, moz:windowless: false, pageLoadStrategy: normal, platformName: mac, proxy: Proxy(), setWindowRect: true, strictFileInteractability: false, timeouts: {implicit: 0, pageLoad: 300000, script: 30000}, unhandledPromptBehavior: dismiss and notify, userAgent: Mozilla/5.0 (Macintosh; Int...}
Session ID: 80207359-ca50-493c-ae38-f8ce8ba0e8a2&amp#27;[0;39m 
2025-08-23 20:21:40.582 [&amp#27;[34mINFO&amp#27;[0;39m] - &amp#27;[34mClick result: true of popup button with xpath (//button/span[contains(text(),'Close')]/preceding-sibling::span)[1]&amp#27;[0;39m 
2025-08-23 20:21:41.873 [&amp#27;[34mINFO&amp#27;[0;39m] - &amp#27;[34mClick result: true of popup button with xpath (//button/span[contains(text(),'Close')]/preceding-sibling::span)[1]&amp#27;[0;39m 
2025-08-23 20:21:42.090 [&amp#27;[39mDEBUG&amp#27;[0;39m] - &amp#27;[39mClicked login: true&amp#27;[0;39m 
2025-08-23 20:21:43.318 [&amp#27;[39mDEBUG&amp#27;[0;39m] - &amp#27;[39mClicked login Popup: true&amp#27;[0;39m 
2025-08-23 20:21:43.324 [&amp#27;[39mDEBUG&amp#27;[0;39m] - &amp#27;[39mWaited for email page load for login: true&amp#27;[0;39m 
2025-08-23 20:21:43.324 [&amp#27;[39mDEBUG&amp#27;[0;39m] - &amp#27;[39mStarting login ...&amp#27;[0;39m 
2025-08-23 20:21:43.517 [&amp#27;[39mDEBUG&amp#27;[0;39m] - &amp#27;[39mClicked email box: true 
 with xpath //input[@name='email']&amp#27;[0;39m 
2025-08-23 20:21:43.805 [&amp#27;[39mDEBUG&amp#27;[0;39m] - &amp#27;[39mClicked continue box: true 
 with xpath //button[@type='submit' and contains(text(),'Continue')]&amp#27;[0;39m 
2025-08-23 20:21:44.338 [&amp#27;[39mDEBUG&amp#27;[0;39m] - &amp#27;[39mWaited password page: true&amp#27;[0;39m 
2025-08-23 20:21:44.549 [&amp#27;[39mDEBUG&amp#27;[0;39m] - &amp#27;[39mClicked password box: true 
 with xpath true&amp#27;[0;39m 
2025-08-23 20:21:44.824 [&amp#27;[39mDEBUG&amp#27;[0;39m] - &amp#27;[39mClicked password box: true 
 with xpath //button[@type='submit' and contains(text(),'Log in')]&amp#27;[0;39m 
2025-08-23 20:21:44.825 [&amp#27;[39mDEBUG&amp#27;[0;39m] - &amp#27;[39mEnded login. 
 Result: true &amp#27;[0;39m 
2025-08-23 20:21:47.311 [&amp#27;[39mDEBUG&amp#27;[0;39m] - &amp#27;[39mClicked Not now: true&amp#27;[0;39m 
2025-08-23 20:21:47.569 [&amp#27;[34mINFO&amp#27;[0;39m] - &amp#27;[34mClick result: true of popup button with xpath (//button/span[contains(text(),'Close')]/preceding-sibling::span)[1]&amp#27;[0;39m 
2025-08-23 20:21:47.570 [&amp#27;[39mDEBUG&amp#27;[0;39m] - &amp#27;[39mClicked popup: true&amp#27;[0;39m 
2025-08-23 20:21:48.141 [&amp#27;[39mDEBUG&amp#27;[0;39m] - &amp#27;[39mFound 5 number of elements (accomondation results) with xpath //ul//li//div[contains(@data-testid,'deal-item')]//div/img on main Page&amp#27;[0;39m 
2025-08-23 20:21:48.143 [&amp#27;[39mDEBUG&amp#27;[0;39m] - &amp#27;[39mWaited for main page load: true&amp#27;[0;39m 
2025-08-23 20:21:48.386 [&amp#27;[39mDEBUG&amp#27;[0;39m] - &amp#27;[39mClicked search box: true 
 with xpath //input[@role='searchbox']&amp#27;[0;39m 
2025-08-23 20:21:49.308 [&amp#27;[39mDEBUG&amp#27;[0;39m] - &amp#27;[39mClicked first sugg true&amp#27;[0;39m 
2025-08-23 20:21:50.351 [&amp#27;[39mDEBUG&amp#27;[0;39m] - &amp#27;[39mFound first day datetime '2025-08-01' from month 1 from popup and first day  datetime '2025-09-01' from month 2&amp#27;[0;39m 
2025-08-23 20:21:50.351 [&amp#27;[39mDEBUG&amp#27;[0;39m] - &amp#27;[39mFound date parts 2025/08/01 for month 1 and 2025/09/01 for month2&amp#27;[0;39m 
2025-08-23 20:21:50.354 [&amp#27;[39mDEBUG&amp#27;[0;39m] - &amp#27;[39mFound last days for months 31, 30 and first day for 2nd month 01&amp#27;[0;39m 
2025-08-23 20:21:50.601 [&amp#27;[39mDEBUG&amp#27;[0;39m] - &amp#27;[39mClicked Last Day 31 in month1 result: true&amp#27;[0;39m 
2025-08-23 20:21:50.857 [&amp#27;[39mDEBUG&amp#27;[0;39m] - &amp#27;[39mClicked First Day 01 in month2 result: true&amp#27;[0;39m 
2025-08-23 20:21:51.072 [&amp#27;[39mDEBUG&amp#27;[0;39m] - &amp#27;[39mClicked Guest Box Apply true&amp#27;[0;39m 
2025-08-23 20:21:51.275 [&amp#27;[39mDEBUG&amp#27;[0;39m] - &amp#27;[39mClicked Search true&amp#27;[0;39m 
2025-08-23 20:21:51.279 [&amp#27;[34mINFO&amp#27;[0;39m] - &amp#27;[34m

STARTING test method: priceMinTest&amp#27;[0;39m 
2025-08-23 20:21:53.553 [&amp#27;[31mWARN&amp#27;[0;39m] - &amp#27;[31mException on waiting element to be visible: &amp#27;[0;39m 
2025-08-23 20:21:53.554 [&amp#27;[31mWARN&amp#27;[0;39m] - &amp#27;[31mExpected condition failed: waiting for visibility of element located by By.xpath: //div[@data-testid='refinement-row-active-popover'] (tried for 2 second(s) with 500 milliseconds interval)
Build info: version: '4.28.1', revision: '73f5ad48a2'
System info: os.name: 'Mac OS X', os.arch: 'x86_64', os.version: '15.6', java.version: '21.0.7'
Driver info: org.openqa.selenium.firefox.FirefoxDriver
Capabilities {acceptInsecureCerts: true, browserName: firefox, browserVersion: 142.0, moz:accessibilityChecks: false, moz:buildID: 20250811145442, moz:geckodriverVersion: 0.36.0, moz:headless: false, moz:platformVersion: 24.6.0, moz:processID: 22714, moz:profile: /var/folders/70/2vk2n2rj04v..., moz:shutdownTimeout: 60000, moz:webdriverClick: true, moz:windowless: false, pageLoadStrategy: normal, platformName: mac, proxy: Proxy(), setWindowRect: true, strictFileInteractability: false, timeouts: {implicit: 0, pageLoad: 300000, script: 30000}, unhandledPromptBehavior: dismiss and notify, userAgent: Mozilla/5.0 (Macintosh; Int...}
Session ID: 80207359-ca50-493c-ae38-f8ce8ba0e8a2&amp#27;[0;39m 
2025-08-23 20:21:54.356 [&amp#27;[39mDEBUG&amp#27;[0;39m] - &amp#27;[39mClicked Price Box true&amp#27;[0;39m 
2025-08-23 20:21:54.380 [&amp#27;[39mDEBUG&amp#27;[0;39m] - &amp#27;[39mWill move element from (347,368) to (380,368)&amp#27;[0;39m 
2025-08-23 20:21:54.787 [&amp#27;[39mDEBUG&amp#27;[0;39m] - &amp#27;[39mMoved Element to 380,368&amp#27;[0;39m 
2025-08-23 20:21:55.726 [&amp#27;[39mDEBUG&amp#27;[0;39m] - &amp#27;[39mClicked price reset Box true&amp#27;[0;39m 
2025-08-23 20:21:56.748 [&amp#27;[31mWARN&amp#27;[0;39m] - &amp#27;[31mException on waiting element to be visible: &amp#27;[0;39m 
2025-08-23 20:21:56.748 [&amp#27;[31mWARN&amp#27;[0;39m] - &amp#27;[31mExpected condition failed: waiting for visibility of element located by By.xpath: //div[@data-testid='refinement-row-active-popover'] (tried for 1 second(s) with 500 milliseconds interval)
Build info: version: '4.28.1', revision: '73f5ad48a2'
System info: os.name: 'Mac OS X', os.arch: 'x86_64', os.version: '15.6', java.version: '21.0.7'
Driver info: org.openqa.selenium.firefox.FirefoxDriver
Capabilities {acceptInsecureCerts: true, browserName: firefox, browserVersion: 142.0, moz:accessibilityChecks: false, moz:buildID: 20250811145442, moz:geckodriverVersion: 0.36.0, moz:headless: false, moz:platformVersion: 24.6.0, moz:processID: 22714, moz:profile: /var/folders/70/2vk2n2rj04v..., moz:shutdownTimeout: 60000, moz:webdriverClick: true, moz:windowless: false, pageLoadStrategy: normal, platformName: mac, proxy: Proxy(), setWindowRect: true, strictFileInteractability: false, timeouts: {implicit: 0, pageLoad: 300000, script: 30000}, unhandledPromptBehavior: dismiss and notify, userAgent: Mozilla/5.0 (Macintosh; Int...}
Session ID: 80207359-ca50-493c-ae38-f8ce8ba0e8a2&amp#27;[0;39m 
2025-08-23 20:21:58.305 [&amp#27;[39mDEBUG&amp#27;[0;39m] - &amp#27;[39mFound 35 number of elements with xpath //div[@data-testid='result-list-ready']//ol//li//div//button/img on search Page&amp#27;[0;39m 
2025-08-23 20:22:00.393 [&amp#27;[31mWARN&amp#27;[0;39m] - &amp#27;[31mException on waiting element to be visible: &amp#27;[0;39m 
2025-08-23 20:22:00.394 [&amp#27;[31mWARN&amp#27;[0;39m] - &amp#27;[31mExpected condition failed: waiting for visibility of element located by By.xpath: //div[@data-testid='refinement-row-active-popover'] (tried for 2 second(s) with 500 milliseconds interval)
Build info: version: '4.28.1', revision: '73f5ad48a2'
System info: os.name: 'Mac OS X', os.arch: 'x86_64', os.version: '15.6', java.version: '21.0.7'
Driver info: org.openqa.selenium.firefox.FirefoxDriver
Capabilities {acceptInsecureCerts: true, browserName: firefox, browserVersion: 142.0, moz:accessibilityChecks: false, moz:buildID: 20250811145442, moz:geckodriverVersion: 0.36.0, moz:headless: false, moz:platformVersion: 24.6.0, moz:processID: 22714, moz:profile: /var/folders/70/2vk2n2rj04v..., moz:shutdownTimeout: 60000, moz:webdriverClick: true, moz:windowless: false, pageLoadStrategy: normal, platformName: mac, proxy: Proxy(), setWindowRect: true, strictFileInteractability: false, timeouts: {implicit: 0, pageLoad: 300000, script: 30000}, unhandledPromptBehavior: dismiss and notify, userAgent: Mozilla/5.0 (Macintosh; Int...}
Session ID: 80207359-ca50-493c-ae38-f8ce8ba0e8a2&amp#27;[0;39m 
2025-08-23 20:22:00.781 [&amp#27;[39mDEBUG&amp#27;[0;39m] - &amp#27;[39mClicked Price Box true&amp#27;[0;39m 
2025-08-23 20:22:01.385 [&amp#27;[39mDEBUG&amp#27;[0;39m] - &amp#27;[39mFound min price: 68&amp#27;[0;39m 
2025-08-23 20:22:01.669 [&amp#27;[34mINFO&amp#27;[0;39m] - &amp#27;[34mEND test method: priceMinTest&amp#27;[0;39m 
2025-08-23 20:22:01.670 [&amp#27;[34mINFO&amp#27;[0;39m] - &amp#27;[34mStarting TEST teardown...&amp#27;[0;39m 
2025-08-23 20:22:01.934 [&amp#27;[39mDEBUG&amp#27;[0;39m] - &amp#27;[39mClicked price reset Box true&amp#27;[0;39m 
2025-08-23 20:22:02.184 [&amp#27;[39mDEBUG&amp#27;[0;39m] - &amp#27;[39mClicked Price Box true&amp#27;[0;39m 
2025-08-23 20:22:02.192 [&amp#27;[39mDEBUG&amp#27;[0;39m] - &amp#27;[39mFound 35 number of elements with xpath //div[@data-testid='result-list-ready']//ol//li//div//button/img on search Page&amp#27;[0;39m 
]]></system-out>
  </testcase>
  <testcase name="priceMaxTest" classname="com.demo.qa.trivago.pagesTests.SearchPageTests" time="8.144">
    <system-out><![CDATA[2025-08-23 20:22:02.205 [&amp#27;[34mINFO&amp#27;[0;39m] - &amp#27;[34m

STARTING test method: priceMaxTest&amp#27;[0;39m 
2025-08-23 20:22:04.244 [&amp#27;[31mWARN&amp#27;[0;39m] - &amp#27;[31mException on waiting element to be visible: &amp#27;[0;39m 
2025-08-23 20:22:04.245 [&amp#27;[31mWARN&amp#27;[0;39m] - &amp#27;[31mExpected condition failed: waiting for visibility of element located by By.xpath: //div[@data-testid='refinement-row-active-popover'] (tried for 2 second(s) with 500 milliseconds interval)
Build info: version: '4.28.1', revision: '73f5ad48a2'
System info: os.name: 'Mac OS X', os.arch: 'x86_64', os.version: '15.6', java.version: '21.0.7'
Driver info: org.openqa.selenium.firefox.FirefoxDriver
Capabilities {acceptInsecureCerts: true, browserName: firefox, browserVersion: 142.0, moz:accessibilityChecks: false, moz:buildID: 20250811145442, moz:geckodriverVersion: 0.36.0, moz:headless: false, moz:platformVersion: 24.6.0, moz:processID: 22714, moz:profile: /var/folders/70/2vk2n2rj04v..., moz:shutdownTimeout: 60000, moz:webdriverClick: true, moz:windowless: false, pageLoadStrategy: normal, platformName: mac, proxy: Proxy(), setWindowRect: true, strictFileInteractability: false, timeouts: {implicit: 0, pageLoad: 300000, script: 30000}, unhandledPromptBehavior: dismiss and notify, userAgent: Mozilla/5.0 (Macintosh; Int...}
Session ID: 80207359-ca50-493c-ae38-f8ce8ba0e8a2&amp#27;[0;39m 
2025-08-23 20:22:05.124 [&amp#27;[39mDEBUG&amp#27;[0;39m] - &amp#27;[39mClicked Price Box true&amp#27;[0;39m 
2025-08-23 20:22:05.148 [&amp#27;[39mDEBUG&amp#27;[0;39m] - &amp#27;[39mWill move element from (658,368) to (625,368)&amp#27;[0;39m 
2025-08-23 20:22:05.551 [&amp#27;[39mDEBUG&amp#27;[0;39m] - &amp#27;[39mMoved Element to 625,368&amp#27;[0;39m 
2025-08-23 20:22:05.796 [&amp#27;[39mDEBUG&amp#27;[0;39m] - &amp#27;[39mClicked price reset Box true&amp#27;[0;39m 
2025-08-23 20:22:06.817 [&amp#27;[31mWARN&amp#27;[0;39m] - &amp#27;[31mException on waiting element to be visible: &amp#27;[0;39m 
2025-08-23 20:22:06.818 [&amp#27;[31mWARN&amp#27;[0;39m] - &amp#27;[31mExpected condition failed: waiting for visibility of element located by By.xpath: //div[@data-testid='refinement-row-active-popover'] (tried for 1 second(s) with 500 milliseconds interval)
Build info: version: '4.28.1', revision: '73f5ad48a2'
System info: os.name: 'Mac OS X', os.arch: 'x86_64', os.version: '15.6', java.version: '21.0.7'
Driver info: org.openqa.selenium.firefox.FirefoxDriver
Capabilities {acceptInsecureCerts: true, browserName: firefox, browserVersion: 142.0, moz:accessibilityChecks: false, moz:buildID: 20250811145442, moz:geckodriverVersion: 0.36.0, moz:headless: false, moz:platformVersion: 24.6.0, moz:processID: 22714, moz:profile: /var/folders/70/2vk2n2rj04v..., moz:shutdownTimeout: 60000, moz:webdriverClick: true, moz:windowless: false, pageLoadStrategy: normal, platformName: mac, proxy: Proxy(), setWindowRect: true, strictFileInteractability: false, timeouts: {implicit: 0, pageLoad: 300000, script: 30000}, unhandledPromptBehavior: dismiss and notify, userAgent: Mozilla/5.0 (Macintosh; Int...}
Session ID: 80207359-ca50-493c-ae38-f8ce8ba0e8a2&amp#27;[0;39m 
2025-08-23 20:22:06.829 [&amp#27;[39mDEBUG&amp#27;[0;39m] - &amp#27;[39mFound 35 number of elements with xpath //div[@data-testid='result-list-ready']//ol//li//div//button/img on search Page&amp#27;[0;39m 
2025-08-23 20:22:08.904 [&amp#27;[31mWARN&amp#27;[0;39m] - &amp#27;[31mException on waiting element to be visible: &amp#27;[0;39m 
2025-08-23 20:22:08.906 [&amp#27;[31mWARN&amp#27;[0;39m] - &amp#27;[31mExpected condition failed: waiting for visibility of element located by By.xpath: //div[@data-testid='refinement-row-active-popover'] (tried for 2 second(s) with 500 milliseconds interval)
Build info: version: '4.28.1', revision: '73f5ad48a2'
System info: os.name: 'Mac OS X', os.arch: 'x86_64', os.version: '15.6', java.version: '21.0.7'
Driver info: org.openqa.selenium.firefox.FirefoxDriver
Capabilities {acceptInsecureCerts: true, browserName: firefox, browserVersion: 142.0, moz:accessibilityChecks: false, moz:buildID: 20250811145442, moz:geckodriverVersion: 0.36.0, moz:headless: false, moz:platformVersion: 24.6.0, moz:processID: 22714, moz:profile: /var/folders/70/2vk2n2rj04v..., moz:shutdownTimeout: 60000, moz:webdriverClick: true, moz:windowless: false, pageLoadStrategy: normal, platformName: mac, proxy: Proxy(), setWindowRect: true, strictFileInteractability: false, timeouts: {implicit: 0, pageLoad: 300000, script: 30000}, unhandledPromptBehavior: dismiss and notify, userAgent: Mozilla/5.0 (Macintosh; Int...}
Session ID: 80207359-ca50-493c-ae38-f8ce8ba0e8a2&amp#27;[0;39m 
2025-08-23 20:22:09.151 [&amp#27;[39mDEBUG&amp#27;[0;39m] - &amp#27;[39mClicked Price Box true&amp#27;[0;39m 
2025-08-23 20:22:09.573 [&amp#27;[39mDEBUG&amp#27;[0;39m] - &amp#27;[39mFound max price 500&amp#27;[0;39m 
2025-08-23 20:22:09.886 [&amp#27;[34mINFO&amp#27;[0;39m] - &amp#27;[34mEND test method: priceMaxTest&amp#27;[0;39m 
2025-08-23 20:22:09.887 [&amp#27;[34mINFO&amp#27;[0;39m] - &amp#27;[34mStarting TEST teardown...&amp#27;[0;39m 
2025-08-23 20:22:10.104 [&amp#27;[39mDEBUG&amp#27;[0;39m] - &amp#27;[39mClicked price reset Box true&amp#27;[0;39m 
2025-08-23 20:22:10.327 [&amp#27;[39mDEBUG&amp#27;[0;39m] - &amp#27;[39mClicked Price Box true&amp#27;[0;39m 
2025-08-23 20:22:10.337 [&amp#27;[39mDEBUG&amp#27;[0;39m] - &amp#27;[39mFound 35 number of elements with xpath //div[@data-testid='result-list-ready']//ol//li//div//button/img on search Page&amp#27;[0;39m 
]]></system-out>
  </testcase>
  <testcase name="priceMinMaxTest" classname="com.demo.qa.trivago.pagesTests.SearchPageTests" time="7.865">
    <failure message="Price 180 is not between min and max allowed 500, 500 ==&gt; expected: &lt;true&gt; but was: &lt;false&gt;" type="org.opentest4j.AssertionFailedError"><![CDATA[org.opentest4j.AssertionFailedError: Price 180 is not between min and max allowed 500, 500 ==> expected: <true> but was: <false>
	at org.junit.jupiter.api.AssertionFailureBuilder.build(AssertionFailureBuilder.java:151)
	at org.junit.jupiter.api.AssertionFailureBuilder.buildAndThrow(AssertionFailureBuilder.java:132)
	at org.junit.jupiter.api.AssertTrue.failNotTrue(AssertTrue.java:63)
	at org.junit.jupiter.api.AssertTrue.assertTrue(AssertTrue.java:36)
	at org.junit.jupiter.api.Assertions.assertTrue(Assertions.java:214)
	at com.demo.qa.trivago.BaseClass.LogTestCaseFail(BaseClass.java:149)
	at com.demo.qa.trivago.pagesTests.SearchPageTests.priceMinMaxTest(SearchPageTests.java:88)
	at java.base/java.lang.reflect.Method.invoke(Method.java:580)
	at java.base/java.util.ArrayList.forEach(ArrayList.java:1596)
	at java.base/java.util.ArrayList.forEach(ArrayList.java:1596)
]]></failure>
    <system-out><![CDATA[2025-08-23 20:22:10.351 [&amp#27;[34mINFO&amp#27;[0;39m] - &amp#27;[34m

STARTING test method: priceMinMaxTest&amp#27;[0;39m 
2025-08-23 20:22:12.418 [&amp#27;[31mWARN&amp#27;[0;39m] - &amp#27;[31mException on waiting element to be visible: &amp#27;[0;39m 
2025-08-23 20:22:12.418 [&amp#27;[31mWARN&amp#27;[0;39m] - &amp#27;[31mExpected condition failed: waiting for visibility of element located by By.xpath: //div[@data-testid='refinement-row-active-popover'] (tried for 2 second(s) with 500 milliseconds interval)
Build info: version: '4.28.1', revision: '73f5ad48a2'
System info: os.name: 'Mac OS X', os.arch: 'x86_64', os.version: '15.6', java.version: '21.0.7'
Driver info: org.openqa.selenium.firefox.FirefoxDriver
Capabilities {acceptInsecureCerts: true, browserName: firefox, browserVersion: 142.0, moz:accessibilityChecks: false, moz:buildID: 20250811145442, moz:geckodriverVersion: 0.36.0, moz:headless: false, moz:platformVersion: 24.6.0, moz:processID: 22714, moz:profile: /var/folders/70/2vk2n2rj04v..., moz:shutdownTimeout: 60000, moz:webdriverClick: true, moz:windowless: false, pageLoadStrategy: normal, platformName: mac, proxy: Proxy(), setWindowRect: true, strictFileInteractability: false, timeouts: {implicit: 0, pageLoad: 300000, script: 30000}, unhandledPromptBehavior: dismiss and notify, userAgent: Mozilla/5.0 (Macintosh; Int...}
Session ID: 80207359-ca50-493c-ae38-f8ce8ba0e8a2&amp#27;[0;39m 
2025-08-23 20:22:12.649 [&amp#27;[39mDEBUG&amp#27;[0;39m] - &amp#27;[39mClicked Price Box true&amp#27;[0;39m 
2025-08-23 20:22:12.664 [&amp#27;[39mDEBUG&amp#27;[0;39m] - &amp#27;[39mWill move element from (347,368) to (380,368)&amp#27;[0;39m 
2025-08-23 20:22:13.016 [&amp#27;[39mDEBUG&amp#27;[0;39m] - &amp#27;[39mMoved Element to 380,368&amp#27;[0;39m 
2025-08-23 20:22:13.038 [&amp#27;[39mDEBUG&amp#27;[0;39m] - &amp#27;[39mWill move element from (658,368) to (625,368)&amp#27;[0;39m 
2025-08-23 20:22:13.383 [&amp#27;[39mDEBUG&amp#27;[0;39m] - &amp#27;[39mMoved Element to 625,368&amp#27;[0;39m 
2025-08-23 20:22:13.625 [&amp#27;[39mDEBUG&amp#27;[0;39m] - &amp#27;[39mClicked price reset Box true&amp#27;[0;39m 
2025-08-23 20:22:14.660 [&amp#27;[31mWARN&amp#27;[0;39m] - &amp#27;[31mException on waiting element to be visible: &amp#27;[0;39m 
2025-08-23 20:22:14.660 [&amp#27;[31mWARN&amp#27;[0;39m] - &amp#27;[31mExpected condition failed: waiting for visibility of element located by By.xpath: //div[@data-testid='refinement-row-active-popover'] (tried for 1 second(s) with 500 milliseconds interval)
Build info: version: '4.28.1', revision: '73f5ad48a2'
System info: os.name: 'Mac OS X', os.arch: 'x86_64', os.version: '15.6', java.version: '21.0.7'
Driver info: org.openqa.selenium.firefox.FirefoxDriver
Capabilities {acceptInsecureCerts: true, browserName: firefox, browserVersion: 142.0, moz:accessibilityChecks: false, moz:buildID: 20250811145442, moz:geckodriverVersion: 0.36.0, moz:headless: false, moz:platformVersion: 24.6.0, moz:processID: 22714, moz:profile: /var/folders/70/2vk2n2rj04v..., moz:shutdownTimeout: 60000, moz:webdriverClick: true, moz:windowless: false, pageLoadStrategy: normal, platformName: mac, proxy: Proxy(), setWindowRect: true, strictFileInteractability: false, timeouts: {implicit: 0, pageLoad: 300000, script: 30000}, unhandledPromptBehavior: dismiss and notify, userAgent: Mozilla/5.0 (Macintosh; Int...}
Session ID: 80207359-ca50-493c-ae38-f8ce8ba0e8a2&amp#27;[0;39m 
2025-08-23 20:22:14.685 [&amp#27;[39mDEBUG&amp#27;[0;39m] - &amp#27;[39mFound 35 number of elements with xpath //div[@data-testid='result-list-ready']//ol//li//div//button/img on search Page&amp#27;[0;39m 
2025-08-23 20:22:16.775 [&amp#27;[31mWARN&amp#27;[0;39m] - &amp#27;[31mException on waiting element to be visible: &amp#27;[0;39m 
2025-08-23 20:22:16.776 [&amp#27;[31mWARN&amp#27;[0;39m] - &amp#27;[31mExpected condition failed: waiting for visibility of element located by By.xpath: //div[@data-testid='refinement-row-active-popover'] (tried for 2 second(s) with 500 milliseconds interval)
Build info: version: '4.28.1', revision: '73f5ad48a2'
System info: os.name: 'Mac OS X', os.arch: 'x86_64', os.version: '15.6', java.version: '21.0.7'
Driver info: org.openqa.selenium.firefox.FirefoxDriver
Capabilities {acceptInsecureCerts: true, browserName: firefox, browserVersion: 142.0, moz:accessibilityChecks: false, moz:buildID: 20250811145442, moz:geckodriverVersion: 0.36.0, moz:headless: false, moz:platformVersion: 24.6.0, moz:processID: 22714, moz:profile: /var/folders/70/2vk2n2rj04v..., moz:shutdownTimeout: 60000, moz:webdriverClick: true, moz:windowless: false, pageLoadStrategy: normal, platformName: mac, proxy: Proxy(), setWindowRect: true, strictFileInteractability: false, timeouts: {implicit: 0, pageLoad: 300000, script: 30000}, unhandledPromptBehavior: dismiss and notify, userAgent: Mozilla/5.0 (Macintosh; Int...}
Session ID: 80207359-ca50-493c-ae38-f8ce8ba0e8a2&amp#27;[0;39m 
2025-08-23 20:22:17.019 [&amp#27;[39mDEBUG&amp#27;[0;39m] - &amp#27;[39mClicked Price Box true&amp#27;[0;39m 
2025-08-23 20:22:17.454 [&amp#27;[39mDEBUG&amp#27;[0;39m] - &amp#27;[39mFound min, max prices: 500,500&amp#27;[0;39m 
2025-08-23 20:22:17.737 [&amp#27;[1;31mERROR&amp#27;[0;39m] - &amp#27;[1;31mERROR: TEST CASE FAILED: Price 180 is not between min and max allowed 500, 500  &amp#27;[0;39m 
2025-08-23 20:22:17.749 [&amp#27;[34mINFO&amp#27;[0;39m] - &amp#27;[34mEND test method: priceMinMaxTest&amp#27;[0;39m 
2025-08-23 20:22:17.750 [&amp#27;[34mINFO&amp#27;[0;39m] - &amp#27;[34mStarting TEST teardown...&amp#27;[0;39m 
2025-08-23 20:22:17.972 [&amp#27;[39mDEBUG&amp#27;[0;39m] - &amp#27;[39mClicked price reset Box true&amp#27;[0;39m 
2025-08-23 20:22:18.193 [&amp#27;[39mDEBUG&amp#27;[0;39m] - &amp#27;[39mClicked Price Box true&amp#27;[0;39m 
2025-08-23 20:22:18.202 [&amp#27;[39mDEBUG&amp#27;[0;39m] - &amp#27;[39mFound 35 number of elements with xpath //div[@data-testid='result-list-ready']//ol//li//div//button/img on search Page&amp#27;[0;39m 
]]></system-out>
  </testcase>
</testsuite>