<!DOCTYPE html>


<!--
 | Generated by Apache Maven Doxia Site Renderer 2.0.0 from org.apache.maven.plugins:maven-surefire-report-plugin:3.5.3:report-only at 2025-08-24
 | Rendered using Apache Maven Fluido Skin 2.0.0-M9
-->
<html xmlns="http://www.w3.org/1999/xhtml" lang="en">
  <head>
    <meta charset="UTF-8" />
    <meta name="viewport" content="width=device-width, initial-scale=1" />
    <meta name="generator" content="Apache Maven Doxia Site Renderer 2.0.0" />
    <title>Surefire Report – trivago</title>
    <link rel="stylesheet" href="./css/apache-maven-fluido-2.0.0-M9.min.css" />
    <link rel="stylesheet" href="./css/site.css" />
    <link rel="stylesheet" href="./css/print.css" media="print" />
    <script src="./js/apache-maven-fluido-2.0.0-M9.min.js"></script>
  </head>
  <body>
    <div class="container container-top">
      <header>
        <div id="banner">
          <div class="pull-left"><div id="bannerLeft"><h1>trivago</h1></div></div>
          <div class="pull-right"></div>
          <div class="clear"><hr/></div>
        </div>

        <div id="breadcrumbs">
          <ul class="breadcrumb">
        <li id="publishDate">Last Published: 2025-08-24<span class="divider">|</span>
</li>
          <li id="projectVersion">Version: 0.0.1-SNAPSHOT</li>
        <li class="pull-right"><a href="http://www.example.com" class="externalLink">trivago</a></li>
          </ul>
        </div>
      </header>
        <main id="bodyColumn">

<script>
function toggleDisplay(elementId) {
 var elm = document.getElementById(elementId + '-error');
 if (elm == null) {
  elm = document.getElementById(elementId + '-failure');
 }
 if (elm && typeof elm.style != "undefined") {
  if (elm.style.display == "none") {
   elm.style.display = "";
   document.getElementById(elementId + '-off').style.display = "none";
   document.getElementById(elementId + '-on').style.display = "inline";
  } else if (elm.style.display == "") {   elm.style.display = "none";
   document.getElementById(elementId + '-off').style.display = "inline";
   document.getElementById(elementId + '-on').style.display = "none";
  }
 }
 }
</script>
<section><a id="Surefire_Report"></a>
<h1>Surefire Report</h1><section><a id="Summary"></a>
<h2>Summary</h2>
<p>[<a href="#Summary">Summary</a>] [<a href="#Package_List">Package List</a>] [<a href="#Test_Cases">Test Cases</a>]</p><br />
<table class="table table-striped">
<tr class="a">
<th>Tests</th>
<th>Errors</th>
<th>Failures</th>
<th>Skipped</th>
<th>Success Rate</th>
<th>Time</th></tr>
<tr class="b">
<td>6</td>
<td>3</td>
<td>0</td>
<td>0</td>
<td>50.0%</td>
<td>107.2 s</td></tr></table><br />
<p>Note: failures are anticipated and checked for with assertions while errors are unanticipated.</p><br /></section><section><a id="Package_List"></a>
<h2>Package List</h2>
<p>[<a href="#Summary">Summary</a>] [<a href="#Package_List">Package List</a>] [<a href="#Test_Cases">Test Cases</a>]</p><br />
<table class="table table-striped">
<tr class="a">
<th>Package</th>
<th>Tests</th>
<th>Errors</th>
<th>Failures</th>
<th>Skipped</th>
<th>Success Rate</th>
<th>Time</th></tr>
<tr class="b">
<td><a href="#com.demo.qa.trivago">com.demo.qa.trivago</a></td>
<td>1</td>
<td>0</td>
<td>0</td>
<td>0</td>
<td>100%</td>
<td>0.043 s</td></tr>
<tr class="a">
<td><a href="#com.demo.qa.trivago.pagesTests">com.demo.qa.trivago.pagesTests</a></td>
<td>5</td>
<td>3</td>
<td>0</td>
<td>0</td>
<td>40.0%</td>
<td>107.1 s</td></tr></table><br />
<p>Note: package statistics are not computed recursively, they only sum up all of its testsuites numbers.</p><section><a id="com.demo.qa.trivago"></a>
<h3>com.demo.qa.trivago</h3>
<table class="table table-striped">
<tr class="a">
<th>-</th>
<th>Class</th>
<th>Tests</th>
<th>Errors</th>
<th>Failures</th>
<th>Skipped</th>
<th>Success Rate</th>
<th>Time</th></tr>
<tr class="b">
<td><a href="#com.demo.qa.trivago.AppTest"><img src="images/icon_success_sml.gif" /></a></td>
<td><a href="#com.demo.qa.trivago.AppTest">AppTest</a></td>
<td>1</td>
<td>0</td>
<td>0</td>
<td>0</td>
<td>100%</td>
<td>0.043 s</td></tr></table></section><section><a id="com.demo.qa.trivago.pagesTests"></a>
<h3>com.demo.qa.trivago.pagesTests</h3>
<table class="table table-striped">
<tr class="a">
<th>-</th>
<th>Class</th>
<th>Tests</th>
<th>Errors</th>
<th>Failures</th>
<th>Skipped</th>
<th>Success Rate</th>
<th>Time</th></tr>
<tr class="b">
<td><a href="#com.demo.qa.trivago.pagesTests.MainPageTests"><img src="images/icon_success_sml.gif" /></a></td>
<td><a href="#com.demo.qa.trivago.pagesTests.MainPageTests">MainPageTests</a></td>
<td>2</td>
<td>0</td>
<td>0</td>
<td>0</td>
<td>100%</td>
<td>36.72 s</td></tr>
<tr class="a">
<td><a href="#com.demo.qa.trivago.pagesTests.SearchPageTests"><img src="images/icon_error_sml.gif" /></a></td>
<td><a href="#com.demo.qa.trivago.pagesTests.SearchPageTests">SearchPageTests</a></td>
<td>3</td>
<td>3</td>
<td>0</td>
<td>0</td>
<td>0%</td>
<td>70.39 s</td></tr></table></section><br /></section><section><a id="Test_Cases"></a>
<h2>Test Cases</h2>
<p>[<a href="#Summary">Summary</a>] [<a href="#Package_List">Package List</a>] [<a href="#Test_Cases">Test Cases</a>]</p><section><a id="com.demo.qa.trivago.AppTest"></a>
<h3>AppTest</h3>
<table class="table table-striped">
<tr class="a">
<td><img src="images/icon_success_sml.gif" /></td>
<td><a id="TC_com.demo.qa.trivago.AppTest.shouldAnswerWithTrue"></a>shouldAnswerWithTrue</td>
<td>0.023 s</td></tr></table></section><section><a id="com.demo.qa.trivago.pagesTests.MainPageTests"></a>
<h3>MainPageTests</h3>
<table class="table table-striped">
<tr class="a">
<td><img src="images/icon_success_sml.gif" /></td>
<td><a id="TC_com.demo.qa.trivago.pagesTests.MainPageTests.loginTest"></a>loginTest</td>
<td>7.047 s</td></tr>
<tr class="b">
<td><img src="images/icon_success_sml.gif" /></td>
<td><a id="TC_com.demo.qa.trivago.pagesTests.MainPageTests.searchTest"></a>searchTest</td>
<td>13.58 s</td></tr></table></section><section><a id="com.demo.qa.trivago.pagesTests.SearchPageTests"></a>
<h3>SearchPageTests</h3>
<table class="table table-striped">
<tr class="a">
<td><a href="#com.demo.qa.trivago.pagesTests.SearchPageTests.priceMinTest"><img src="images/icon_error_sml.gif" /></a></td>
<td><a id="TC_com.demo.qa.trivago.pagesTests.SearchPageTests.priceMinTest"></a><a href="#com.demo.qa.trivago.pagesTests.SearchPageTests.priceMinTest">priceMinTest</a>
<div class="detailToggle" style="display:inline"><a href="javascript:toggleDisplay('com.demo.qa.trivago.pagesTests.SearchPageTests.priceMinTest');"><span style="display:inline;" id="com.demo.qa.trivago.pagesTests.SearchPageTests.priceMinTest-off"> + </span><span style="display:none;" id="com.demo.qa.trivago.pagesTests.SearchPageTests.priceMinTest-on"> - </span>[ Detail ]</a></div></td>
<td>7.795 s</td></tr>
<tr class="b">
<td>-</td>
<td>Unable to locate element: //div[@data-testid='price-slider']
For documentation on this error, please visit: https://www.selenium.dev/documentation/webdriver/troubleshooting/errors#no-such-element-exception
Build info: version: '4.28.1', revision: '73f5ad48a2'
System info: os.name: 'Linux', os.arch: 'amd64', os.version: '6.11.0-1018-azure', java.version: '21.0.8'
Driver info: org.openqa.selenium.firefox.FirefoxDriver
Command: [aac87085-fcab-4638-b4be-8d1d5fc94d68, findElement {value=//div[@data-testid='price-slider'], using=xpath}]
Capabilities {acceptInsecureCerts: true, browserName: firefox, browserVersion: 141.0.3, moz:accessibilityChecks: false, moz:buildID: 20250806102122, moz:geckodriverVersion: 0.36.0, moz:headless: false, moz:platformVersion: 6.11.0-1018-azure, moz:processID: 2668, moz:profile: /tmp/rust_mozprofileoIzssL, moz:shutdownTimeout: 60000, moz:webdriverClick: true, moz:windowless: false, pageLoadStrategy: normal, platformName: linux, proxy: Proxy(), setWindowRect: true, strictFileInteractability: false, timeouts: {implicit: 0, pageLoad: 300000, script: 30000}, unhandledPromptBehavior: dismiss and notify, userAgent: Mozilla/5.0 (X11; Linux x86...}
Session ID: aac87085-fcab-4638-b4be-8d1d5fc94d68</td>
<td>-</td></tr>
<tr id="com.demo.qa.trivago.pagesTests.SearchPageTests.priceMinTest-error" style="display:none;" class="a">
<td>-</td>
<td>
<pre>org.openqa.selenium.NoSuchElementException: 
Unable to locate element: //div[@data-testid='price-slider']
For documentation on this error, please visit: https://www.selenium.dev/documentation/webdriver/troubleshooting/errors#no-such-element-exception
Build info: version: '4.28.1', revision: '73f5ad48a2'
System info: os.name: 'Linux', os.arch: 'amd64', os.version: '6.11.0-1018-azure', java.version: '21.0.8'
Driver info: org.openqa.selenium.firefox.FirefoxDriver
Command: [aac87085-fcab-4638-b4be-8d1d5fc94d68, findElement {value=//div[@data-testid='price-slider'], using=xpath}]
Capabilities {acceptInsecureCerts: true, browserName: firefox, browserVersion: 141.0.3, moz:accessibilityChecks: false, moz:buildID: 20250806102122, moz:geckodriverVersion: 0.36.0, moz:headless: false, moz:platformVersion: 6.11.0-1018-azure, moz:processID: 2668, moz:profile: /tmp/rust_mozprofileoIzssL, moz:shutdownTimeout: 60000, moz:webdriverClick: true, moz:windowless: false, pageLoadStrategy: normal, platformName: linux, proxy: Proxy(), setWindowRect: true, strictFileInteractability: false, timeouts: {implicit: 0, pageLoad: 300000, script: 30000}, unhandledPromptBehavior: dismiss and notify, userAgent: Mozilla/5.0 (X11; Linux x86...}
Session ID: aac87085-fcab-4638-b4be-8d1d5fc94d68
	at java.base/jdk.internal.reflect.DirectConstructorHandleAccessor.newInstance(DirectConstructorHandleAccessor.java:62)
	at java.base/java.lang.reflect.Constructor.newInstanceWithCaller(Constructor.java:502)
	at java.base/java.lang.reflect.Constructor.newInstance(Constructor.java:486)
	at org.openqa.selenium.remote.ErrorCodec.decode(ErrorCodec.java:167)
	at org.openqa.selenium.remote.codec.w3c.W3CHttpResponseCodec.decode(W3CHttpResponseCodec.java:138)
	at org.openqa.selenium.remote.codec.w3c.W3CHttpResponseCodec.decode(W3CHttpResponseCodec.java:50)
	at org.openqa.selenium.remote.HttpCommandExecutor.execute(HttpCommandExecutor.java:215)
	at org.openqa.selenium.remote.service.DriverCommandExecutor.invokeExecute(DriverCommandExecutor.java:216)
	at org.openqa.selenium.remote.service.DriverCommandExecutor.execute(DriverCommandExecutor.java:174)
	at org.openqa.selenium.remote.RemoteWebDriver.execute(RemoteWebDriver.java:545)
	at org.openqa.selenium.remote.ElementLocation$ElementFinder$2.findElement(ElementLocation.java:165)
	at org.openqa.selenium.remote.ElementLocation.findElement(ElementLocation.java:59)
	at org.openqa.selenium.remote.RemoteWebDriver.findElement(RemoteWebDriver.java:368)
	at org.openqa.selenium.remote.RemoteWebDriver.findElement(RemoteWebDriver.java:362)
	at com.demo.qa.trivago.pages.SearchPage.moveLeftSlider(SearchPage.java:73)
	at com.demo.qa.trivago.pagesTests.SearchPageTests.priceMinTest(SearchPageTests.java:30)
	at java.base/java.lang.reflect.Method.invoke(Method.java:580)
	at java.base/java.util.ArrayList.forEach(ArrayList.java:1596)
	at java.base/java.util.ArrayList.forEach(ArrayList.java:1596)
</pre></td>
<td>-</td></tr>
<tr class="b">
<td><a href="#com.demo.qa.trivago.pagesTests.SearchPageTests.priceMaxTest"><img src="images/icon_error_sml.gif" /></a></td>
<td><a id="TC_com.demo.qa.trivago.pagesTests.SearchPageTests.priceMaxTest"></a><a href="#com.demo.qa.trivago.pagesTests.SearchPageTests.priceMaxTest">priceMaxTest</a>
<div class="detailToggle" style="display:inline"><a href="javascript:toggleDisplay('com.demo.qa.trivago.pagesTests.SearchPageTests.priceMaxTest');"><span style="display:inline;" id="com.demo.qa.trivago.pagesTests.SearchPageTests.priceMaxTest-off"> + </span><span style="display:none;" id="com.demo.qa.trivago.pagesTests.SearchPageTests.priceMaxTest-on"> - </span>[ Detail ]</a></div></td>
<td>6.366 s</td></tr>
<tr class="a">
<td>-</td>
<td>Unable to locate element: //div[@data-testid='price-slider']
For documentation on this error, please visit: https://www.selenium.dev/documentation/webdriver/troubleshooting/errors#no-such-element-exception
Build info: version: '4.28.1', revision: '73f5ad48a2'
System info: os.name: 'Linux', os.arch: 'amd64', os.version: '6.11.0-1018-azure', java.version: '21.0.8'
Driver info: org.openqa.selenium.firefox.FirefoxDriver
Command: [aac87085-fcab-4638-b4be-8d1d5fc94d68, findElement {value=//div[@data-testid='price-slider'], using=xpath}]
Capabilities {acceptInsecureCerts: true, browserName: firefox, browserVersion: 141.0.3, moz:accessibilityChecks: false, moz:buildID: 20250806102122, moz:geckodriverVersion: 0.36.0, moz:headless: false, moz:platformVersion: 6.11.0-1018-azure, moz:processID: 2668, moz:profile: /tmp/rust_mozprofileoIzssL, moz:shutdownTimeout: 60000, moz:webdriverClick: true, moz:windowless: false, pageLoadStrategy: normal, platformName: linux, proxy: Proxy(), setWindowRect: true, strictFileInteractability: false, timeouts: {implicit: 0, pageLoad: 300000, script: 30000}, unhandledPromptBehavior: dismiss and notify, userAgent: Mozilla/5.0 (X11; Linux x86...}
Session ID: aac87085-fcab-4638-b4be-8d1d5fc94d68</td>
<td>-</td></tr>
<tr id="com.demo.qa.trivago.pagesTests.SearchPageTests.priceMaxTest-error" style="display:none;" class="b">
<td>-</td>
<td>
<pre>org.openqa.selenium.NoSuchElementException: 
Unable to locate element: //div[@data-testid='price-slider']
For documentation on this error, please visit: https://www.selenium.dev/documentation/webdriver/troubleshooting/errors#no-such-element-exception
Build info: version: '4.28.1', revision: '73f5ad48a2'
System info: os.name: 'Linux', os.arch: 'amd64', os.version: '6.11.0-1018-azure', java.version: '21.0.8'
Driver info: org.openqa.selenium.firefox.FirefoxDriver
Command: [aac87085-fcab-4638-b4be-8d1d5fc94d68, findElement {value=//div[@data-testid='price-slider'], using=xpath}]
Capabilities {acceptInsecureCerts: true, browserName: firefox, browserVersion: 141.0.3, moz:accessibilityChecks: false, moz:buildID: 20250806102122, moz:geckodriverVersion: 0.36.0, moz:headless: false, moz:platformVersion: 6.11.0-1018-azure, moz:processID: 2668, moz:profile: /tmp/rust_mozprofileoIzssL, moz:shutdownTimeout: 60000, moz:webdriverClick: true, moz:windowless: false, pageLoadStrategy: normal, platformName: linux, proxy: Proxy(), setWindowRect: true, strictFileInteractability: false, timeouts: {implicit: 0, pageLoad: 300000, script: 30000}, unhandledPromptBehavior: dismiss and notify, userAgent: Mozilla/5.0 (X11; Linux x86...}
Session ID: aac87085-fcab-4638-b4be-8d1d5fc94d68
	at java.base/jdk.internal.reflect.DirectConstructorHandleAccessor.newInstance(DirectConstructorHandleAccessor.java:62)
	at java.base/java.lang.reflect.Constructor.newInstanceWithCaller(Constructor.java:502)
	at java.base/java.lang.reflect.Constructor.newInstance(Constructor.java:486)
	at org.openqa.selenium.remote.ErrorCodec.decode(ErrorCodec.java:167)
	at org.openqa.selenium.remote.codec.w3c.W3CHttpResponseCodec.decode(W3CHttpResponseCodec.java:138)
	at org.openqa.selenium.remote.codec.w3c.W3CHttpResponseCodec.decode(W3CHttpResponseCodec.java:50)
	at org.openqa.selenium.remote.HttpCommandExecutor.execute(HttpCommandExecutor.java:215)
	at org.openqa.selenium.remote.service.DriverCommandExecutor.invokeExecute(DriverCommandExecutor.java:216)
	at org.openqa.selenium.remote.service.DriverCommandExecutor.execute(DriverCommandExecutor.java:174)
	at org.openqa.selenium.remote.RemoteWebDriver.execute(RemoteWebDriver.java:545)
	at org.openqa.selenium.remote.ElementLocation$ElementFinder$2.findElement(ElementLocation.java:165)
	at org.openqa.selenium.remote.ElementLocation.findElement(ElementLocation.java:59)
	at org.openqa.selenium.remote.RemoteWebDriver.findElement(RemoteWebDriver.java:368)
	at org.openqa.selenium.remote.RemoteWebDriver.findElement(RemoteWebDriver.java:362)
	at com.demo.qa.trivago.pages.SearchPage.moveRightSlider(SearchPage.java:89)
	at com.demo.qa.trivago.pagesTests.SearchPageTests.priceMaxTest(SearchPageTests.java:53)
	at java.base/java.lang.reflect.Method.invoke(Method.java:580)
	at java.base/java.util.ArrayList.forEach(ArrayList.java:1596)
	at java.base/java.util.ArrayList.forEach(ArrayList.java:1596)
</pre></td>
<td>-</td></tr>
<tr class="a">
<td><a href="#com.demo.qa.trivago.pagesTests.SearchPageTests.priceMinMaxTest"><img src="images/icon_error_sml.gif" /></a></td>
<td><a id="TC_com.demo.qa.trivago.pagesTests.SearchPageTests.priceMinMaxTest"></a><a href="#com.demo.qa.trivago.pagesTests.SearchPageTests.priceMinMaxTest">priceMinMaxTest</a>
<div class="detailToggle" style="display:inline"><a href="javascript:toggleDisplay('com.demo.qa.trivago.pagesTests.SearchPageTests.priceMinMaxTest');"><span style="display:inline;" id="com.demo.qa.trivago.pagesTests.SearchPageTests.priceMinMaxTest-off"> + </span><span style="display:none;" id="com.demo.qa.trivago.pagesTests.SearchPageTests.priceMinMaxTest-on"> - </span>[ Detail ]</a></div></td>
<td>6.359 s</td></tr>
<tr class="b">
<td>-</td>
<td>Unable to locate element: //div[@data-testid='price-slider']
For documentation on this error, please visit: https://www.selenium.dev/documentation/webdriver/troubleshooting/errors#no-such-element-exception
Build info: version: '4.28.1', revision: '73f5ad48a2'
System info: os.name: 'Linux', os.arch: 'amd64', os.version: '6.11.0-1018-azure', java.version: '21.0.8'
Driver info: org.openqa.selenium.firefox.FirefoxDriver
Command: [aac87085-fcab-4638-b4be-8d1d5fc94d68, findElement {value=//div[@data-testid='price-slider'], using=xpath}]
Capabilities {acceptInsecureCerts: true, browserName: firefox, browserVersion: 141.0.3, moz:accessibilityChecks: false, moz:buildID: 20250806102122, moz:geckodriverVersion: 0.36.0, moz:headless: false, moz:platformVersion: 6.11.0-1018-azure, moz:processID: 2668, moz:profile: /tmp/rust_mozprofileoIzssL, moz:shutdownTimeout: 60000, moz:webdriverClick: true, moz:windowless: false, pageLoadStrategy: normal, platformName: linux, proxy: Proxy(), setWindowRect: true, strictFileInteractability: false, timeouts: {implicit: 0, pageLoad: 300000, script: 30000}, unhandledPromptBehavior: dismiss and notify, userAgent: Mozilla/5.0 (X11; Linux x86...}
Session ID: aac87085-fcab-4638-b4be-8d1d5fc94d68</td>
<td>-</td></tr>
<tr id="com.demo.qa.trivago.pagesTests.SearchPageTests.priceMinMaxTest-error" style="display:none;" class="a">
<td>-</td>
<td>
<pre>org.openqa.selenium.NoSuchElementException: 
Unable to locate element: //div[@data-testid='price-slider']
For documentation on this error, please visit: https://www.selenium.dev/documentation/webdriver/troubleshooting/errors#no-such-element-exception
Build info: version: '4.28.1', revision: '73f5ad48a2'
System info: os.name: 'Linux', os.arch: 'amd64', os.version: '6.11.0-1018-azure', java.version: '21.0.8'
Driver info: org.openqa.selenium.firefox.FirefoxDriver
Command: [aac87085-fcab-4638-b4be-8d1d5fc94d68, findElement {value=//div[@data-testid='price-slider'], using=xpath}]
Capabilities {acceptInsecureCerts: true, browserName: firefox, browserVersion: 141.0.3, moz:accessibilityChecks: false, moz:buildID: 20250806102122, moz:geckodriverVersion: 0.36.0, moz:headless: false, moz:platformVersion: 6.11.0-1018-azure, moz:processID: 2668, moz:profile: /tmp/rust_mozprofileoIzssL, moz:shutdownTimeout: 60000, moz:webdriverClick: true, moz:windowless: false, pageLoadStrategy: normal, platformName: linux, proxy: Proxy(), setWindowRect: true, strictFileInteractability: false, timeouts: {implicit: 0, pageLoad: 300000, script: 30000}, unhandledPromptBehavior: dismiss and notify, userAgent: Mozilla/5.0 (X11; Linux x86...}
Session ID: aac87085-fcab-4638-b4be-8d1d5fc94d68
	at java.base/jdk.internal.reflect.DirectConstructorHandleAccessor.newInstance(DirectConstructorHandleAccessor.java:62)
	at java.base/java.lang.reflect.Constructor.newInstanceWithCaller(Constructor.java:502)
	at java.base/java.lang.reflect.Constructor.newInstance(Constructor.java:486)
	at org.openqa.selenium.remote.ErrorCodec.decode(ErrorCodec.java:167)
	at org.openqa.selenium.remote.codec.w3c.W3CHttpResponseCodec.decode(W3CHttpResponseCodec.java:138)
	at org.openqa.selenium.remote.codec.w3c.W3CHttpResponseCodec.decode(W3CHttpResponseCodec.java:50)
	at org.openqa.selenium.remote.HttpCommandExecutor.execute(HttpCommandExecutor.java:215)
	at org.openqa.selenium.remote.service.DriverCommandExecutor.invokeExecute(DriverCommandExecutor.java:216)
	at org.openqa.selenium.remote.service.DriverCommandExecutor.execute(DriverCommandExecutor.java:174)
	at org.openqa.selenium.remote.RemoteWebDriver.execute(RemoteWebDriver.java:545)
	at org.openqa.selenium.remote.ElementLocation$ElementFinder$2.findElement(ElementLocation.java:165)
	at org.openqa.selenium.remote.ElementLocation.findElement(ElementLocation.java:59)
	at org.openqa.selenium.remote.RemoteWebDriver.findElement(RemoteWebDriver.java:368)
	at org.openqa.selenium.remote.RemoteWebDriver.findElement(RemoteWebDriver.java:362)
	at com.demo.qa.trivago.pages.SearchPage.moveLeftSlider(SearchPage.java:73)
	at com.demo.qa.trivago.pagesTests.SearchPageTests.priceMinMaxTest(SearchPageTests.java:76)
	at java.base/java.lang.reflect.Method.invoke(Method.java:580)
	at java.base/java.util.ArrayList.forEach(ArrayList.java:1596)
	at java.base/java.util.ArrayList.forEach(ArrayList.java:1596)
</pre></td>
<td>-</td></tr></table></section><br /></section><section><a id="Failure_Details"></a>
<h2>Failure Details</h2>
<p>[<a href="#Summary">Summary</a>] [<a href="#Package_List">Package List</a>] [<a href="#Test_Cases">Test Cases</a>]</p><br />
<table class="table table-striped">
<tr class="a">
<td><img src="images/icon_error_sml.gif" /></td>
<td><a id="com.demo.qa.trivago.pagesTests.SearchPageTests.priceMinTest"></a>priceMinTest</td></tr>
<tr class="b">
<td>-</td>
<td>org.openqa.selenium.NoSuchElementException: Unable to locate element: //div[@data-testid='price-slider']
For documentation on this error, please visit: https://www.selenium.dev/documentation/webdriver/troubleshooting/errors#no-such-element-exception
Build info: version: '4.28.1', revision: '73f5ad48a2'
System info: os.name: 'Linux', os.arch: 'amd64', os.version: '6.11.0-1018-azure', java.version: '21.0.8'
Driver info: org.openqa.selenium.firefox.FirefoxDriver
Command: [aac87085-fcab-4638-b4be-8d1d5fc94d68, findElement {value=//div[@data-testid='price-slider'], using=xpath}]
Capabilities {acceptInsecureCerts: true, browserName: firefox, browserVersion: 141.0.3, moz:accessibilityChecks: false, moz:buildID: 20250806102122, moz:geckodriverVersion: 0.36.0, moz:headless: false, moz:platformVersion: 6.11.0-1018-azure, moz:processID: 2668, moz:profile: /tmp/rust_mozprofileoIzssL, moz:shutdownTimeout: 60000, moz:webdriverClick: true, moz:windowless: false, pageLoadStrategy: normal, platformName: linux, proxy: Proxy(), setWindowRect: true, strictFileInteractability: false, timeouts: {implicit: 0, pageLoad: 300000, script: 30000}, unhandledPromptBehavior: dismiss and notify, userAgent: Mozilla/5.0 (X11; Linux x86...}
Session ID: aac87085-fcab-4638-b4be-8d1d5fc94d68</td></tr>
<tr class="a">
<td>-</td>
<td>
<div id="priceMinTest-error">com.demo.qa.trivago.pagesTests.SearchPageTests:30</div></td></tr>
<tr class="b">
<td><img src="images/icon_error_sml.gif" /></td>
<td><a id="com.demo.qa.trivago.pagesTests.SearchPageTests.priceMaxTest"></a>priceMaxTest</td></tr>
<tr class="a">
<td>-</td>
<td>org.openqa.selenium.NoSuchElementException: Unable to locate element: //div[@data-testid='price-slider']
For documentation on this error, please visit: https://www.selenium.dev/documentation/webdriver/troubleshooting/errors#no-such-element-exception
Build info: version: '4.28.1', revision: '73f5ad48a2'
System info: os.name: 'Linux', os.arch: 'amd64', os.version: '6.11.0-1018-azure', java.version: '21.0.8'
Driver info: org.openqa.selenium.firefox.FirefoxDriver
Command: [aac87085-fcab-4638-b4be-8d1d5fc94d68, findElement {value=//div[@data-testid='price-slider'], using=xpath}]
Capabilities {acceptInsecureCerts: true, browserName: firefox, browserVersion: 141.0.3, moz:accessibilityChecks: false, moz:buildID: 20250806102122, moz:geckodriverVersion: 0.36.0, moz:headless: false, moz:platformVersion: 6.11.0-1018-azure, moz:processID: 2668, moz:profile: /tmp/rust_mozprofileoIzssL, moz:shutdownTimeout: 60000, moz:webdriverClick: true, moz:windowless: false, pageLoadStrategy: normal, platformName: linux, proxy: Proxy(), setWindowRect: true, strictFileInteractability: false, timeouts: {implicit: 0, pageLoad: 300000, script: 30000}, unhandledPromptBehavior: dismiss and notify, userAgent: Mozilla/5.0 (X11; Linux x86...}
Session ID: aac87085-fcab-4638-b4be-8d1d5fc94d68</td></tr>
<tr class="b">
<td>-</td>
<td>
<div id="priceMaxTest-error">com.demo.qa.trivago.pagesTests.SearchPageTests:53</div></td></tr>
<tr class="a">
<td><img src="images/icon_error_sml.gif" /></td>
<td><a id="com.demo.qa.trivago.pagesTests.SearchPageTests.priceMinMaxTest"></a>priceMinMaxTest</td></tr>
<tr class="b">
<td>-</td>
<td>org.openqa.selenium.NoSuchElementException: Unable to locate element: //div[@data-testid='price-slider']
For documentation on this error, please visit: https://www.selenium.dev/documentation/webdriver/troubleshooting/errors#no-such-element-exception
Build info: version: '4.28.1', revision: '73f5ad48a2'
System info: os.name: 'Linux', os.arch: 'amd64', os.version: '6.11.0-1018-azure', java.version: '21.0.8'
Driver info: org.openqa.selenium.firefox.FirefoxDriver
Command: [aac87085-fcab-4638-b4be-8d1d5fc94d68, findElement {value=//div[@data-testid='price-slider'], using=xpath}]
Capabilities {acceptInsecureCerts: true, browserName: firefox, browserVersion: 141.0.3, moz:accessibilityChecks: false, moz:buildID: 20250806102122, moz:geckodriverVersion: 0.36.0, moz:headless: false, moz:platformVersion: 6.11.0-1018-azure, moz:processID: 2668, moz:profile: /tmp/rust_mozprofileoIzssL, moz:shutdownTimeout: 60000, moz:webdriverClick: true, moz:windowless: false, pageLoadStrategy: normal, platformName: linux, proxy: Proxy(), setWindowRect: true, strictFileInteractability: false, timeouts: {implicit: 0, pageLoad: 300000, script: 30000}, unhandledPromptBehavior: dismiss and notify, userAgent: Mozilla/5.0 (X11; Linux x86...}
Session ID: aac87085-fcab-4638-b4be-8d1d5fc94d68</td></tr>
<tr class="a">
<td>-</td>
<td>
<div id="priceMinMaxTest-error">com.demo.qa.trivago.pagesTests.SearchPageTests:76</div></td></tr></table><br /></section></section>
        </main>
    </div>
    <hr/>
    <footer>
      <div class="container">
        <div class="row">
            <p>©      2025
</p>
        </div>
        <p id="poweredBy" class="pull-right"><a href="https://maven.apache.org/" class="builtBy" target="_blank"><img class="builtBy" alt="Built by Maven" src="./images/logos/maven-feather.png" /></a>
</p>
      </div>
    </footer>
<script>
  if(anchors) {
    anchors.add();
  }
</script>
  </body>
</html>
